Thu, Mar 12, 2026  9:16:38 PM - LIST FILES
Thu, Mar 12, 2026  9:17:27 PM - UPLOAD - C:UsersTiwajope AkintomideDocumentscloud-storage-projectfile.jpg
Thu, Mar 12, 2026  9:45:29 PM - LIST FILES
Thu, Mar 12, 2026  9:46:01 PM - DELETE - example.txt
Thu, Mar 12, 2026  9:55:25 PM - UPLOAD - ./example.txt
Thu, Mar 12, 2026  9:56:04 PM - LIST FILES
Thu, Mar 12, 2026  9:57:34 PM - UPLOAD - ./new.txt
Thu, Mar 12, 2026 10:00:53 PM - LIST FILES
Thu, Mar 12, 2026 10:06:11 PM - DOWNLOAD - ./new.txt
Thu, Mar 12, 2026 10:21:05 PM - LIST FILES
Thu, Mar 12, 2026 10:51:34 PM - UPLOAD - "C:UsersTiwajope AkintomideDocumentsAI outline .pdf[D[D[D[D[D[D[D[D[D[D[D[D[D[D[D[D[D[D[D[D[D[D[D[D[D[D[D[D[D[D[D[D[D[D[D[D[D[D[D[D[D[D[D[D[D[D[D[D[D[D[D[D[D[D
Thu, Mar 12, 2026 10:52:59 PM - UPLOAD - C:UsersTiwajope AkintomideDocumentsAI outline .pdf
Thu, Mar 12, 2026 11:02:16 PM - UPLOAD - ./test2.txt
Thu, Mar 12, 2026 11:09:00 PM - LIST FILES
Thu, Mar 12, 2026 11:14:49 PM - DELETE - 5
Thu, Mar 12, 2026 11:23:15 PM - LIST FILES
Thu, Mar 12, 2026 11:28:04 PM - LIST FILES
Thu, Mar 12, 2026 11:29:04 PM - UPLOAD - ./file.jpg
Thu, Mar 12, 2026 11:29:23 PM - LIST FILES
Thu, Mar 12, 2026 11:41:12 PM - LIST FILES
Thu, Mar 12, 2026 11:47:04 PM - UPLOAD - ./test3
Thu, Mar 12, 2026 11:47:50 PM - UPLOAD - ./test3.txt
Thu, Mar 12, 2026 11:49:22 PM - UPLOAD - ./test3.txt
Thu, Mar 12, 2026 11:50:18 PM - LIST FILES
Thu, Mar 12, 2026 11:51:00 PM - DOWNLOAD - ./test3.txt
Thu, Mar 12, 2026 11:51:39 PM - DOWNLOAD - ./test.txt
Thu, Mar 12, 2026 11:54:16 PM - DOWNLOAD - ./test2.txt
Fri, Mar 13, 2026 12:03:43 AM - DOWNLOAD - test2.txt
Fri, Mar 13, 2026 12:04:22 AM - DOWNLOAD - ./test2.txt
Fri, Mar 13, 2026 12:04:40 AM - LIST FILES
Fri, Mar 13, 2026 12:05:29 AM - DOWNLOAD - test3.txt
Fri, Mar 13, 2026 12:14:48 AM - DELETE - test3.txt
Fri, Mar 13, 2026 12:33:12 AM - DELETE - test3.txt
Fri, Mar 13, 2026 12:33:24 AM - LIST FILES
Fri, Mar 13, 2026  1:42:19 AM - LIST FILES
Fri, Mar 13, 2026  1:42:39 AM - DOWNLOAD - example.txt
Fri, Mar 13, 2026  1:58:20 AM - UPLOAD - "C:UsersTiwajope AkintomideDocumentstest 4.txt[D[D[D[D[D[D[D[D[D[D[D[D[D[D[D[D[D[D[D[D[D[D[D[D[D[D[D[D[D[D[D[D[D[D[D[D[D[D[D[D[D[D[D[D[D[D[D[D[D[C[C[D[D:
Fri, Mar 13, 2026  1:59:39 AM - UPLOAD - "C:UsersTiwajope AkintomideDocumentstest 4.txt[D[D[D[D[D[D[D[D[D[D[D[D[D[D[D[D[D[D[D[D[D[D[D[D[D[D[D[D[D[D[D[D[D[D[D[D[D[D[D[D[D[D[D[D[D[D[D[D[D[[[C[C[C[C[C[C[C[C[C[C[C[C[C[C[C[C[C[C[C[C[C[C[C[C[C[C[C[C[C[C[C[C[C[C[C[C[C[C[C[C[C[C[C[C[C[C[C[C[C[C[C[C[C[D
Fri, Mar 13, 2026  1:59:50 AM - LIST FILES
